Build started 11/13/2013 12:30:32 PM.
     1>Project "C:\Users\lukepier\Dropbox\TA\Lectures\Lecture 13 - Multi-File Compile\Lecture_Example\Example_1_Beg\Example_1_Beg.vcxproj" on node 2 (build target(s)).
     1>InitializeBuildStatus:
         Creating "Debug\Example_1_Beg.unsuccessfulbuild" because "AlwaysCreate" was specified.
       ClCompile:
         c:\Program Files (x86)\Microsoft Visual Studio 10.0\VC\bin\CL.exe /c /ZI /nologo /W3 /WX- /Od /Oy- /D WIN32 /D _DEBUG /D _CONSOLE /D _UNICODE /D UNICODE /Gm /EHsc /RTC1 /MDd /GS /fp:precise /Zc:wchar_t /Zc:forScope /Fo"Debug\\" /Fd"Debug\vc100.pdb" /Gd /TP /analyze- /errorReport:prompt main.cpp
         main.cpp
       ManifestResourceCompile:
         All outputs are up-to-date.
       Link:
         c:\Program Files (x86)\Microsoft Visual Studio 10.0\VC\bin\link.exe /ERRORREPORT:PROMPT /OUT:"C:\Users\lukepier\Dropbox\TA\Lectures\Lecture 13 - Multi-File Compile\Lecture_Example\Debug\Example_1_Beg.exe" /INCREMENTAL /NOLOGO kernel32.lib user32.lib gdi32.lib winspool.lib comdlg32.lib advapi32.lib shell32.lib ole32.lib oleaut32.lib uuid.lib odbc32.lib odbccp32.lib /MANIFEST /ManifestFile:"Debug\Example_1_Beg.exe.intermediate.manifest" /MANIFESTUAC:"level='asInvoker' uiAccess='false'" /DEBUG /PDB:"C:\Users\lukepier\Dropbox\TA\Lectures\Lecture 13 - Multi-File Compile\Lecture_Example\Debug\Example_1_Beg.pdb" /SUBSYSTEM:CONSOLE /TLBID:1 /DYNAMICBASE /NXCOMPAT /IMPLIB:"C:\Users\lukepier\Dropbox\TA\Lectures\Lecture 13 - Multi-File Compile\Lecture_Example\Debug\Example_1_Beg.lib" /MACHINE:X86 Debug\Example_1_Beg.exe.embed.manifest.res
         Debug\main.obj
         Debug\shapes.obj
       Manifest:
         C:\Program Files (x86)\Microsoft SDKs\Windows\v7.0A\bin\mt.exe /nologo /verbose /out:"Debug\Example_1_Beg.exe.embed.manifest" /manifest Debug\Example_1_Beg.exe.intermediate.manifest
         All outputs are up-to-date.
       LinkEmbedManifest:
         All outputs are up-to-date.
         Example_1_Beg.vcxproj -> C:\Users\lukepier\Dropbox\TA\Lectures\Lecture 13 - Multi-File Compile\Lecture_Example\Debug\Example_1_Beg.exe
       FinalizeBuildStatus:
         Deleting file "Debug\Example_1_Beg.unsuccessfulbuild".
         Touching "Debug\Example_1_Beg.lastbuildstate".
     1>Done Building Project "C:\Users\lukepier\Dropbox\TA\Lectures\Lecture 13 - Multi-File Compile\Lecture_Example\Example_1_Beg\Example_1_Beg.vcxproj" (build target(s)).

Build succeeded.

Time Elapsed 00:00:02.46
